17/11/2023 16:22:30 [info]  Starting Tecnorest API Gateway in development mode. NODE_ENV: development (app)
17/11/2023 16:22:30 [info]  Cookie session and Passport Authentication initialized (server)
17/11/2023 16:22:30 [info]  Security and Cross Origin settings applied to whitelisted hosts (server)
17/11/2023 16:22:30 [info]  Scheduler initialized (scheduler)
17/11/2023 16:22:30 [info]  Server listening on port 5000 (server)
17/11/2023 16:22:45 [warn]  Received SIGINT (app)
17/11/2023 16:22:47 [info]  Starting Tecnorest API Gateway in development mode. NODE_ENV: development (app)
17/11/2023 16:22:47 [info]  Cookie session and Passport Authentication initialized (server)
17/11/2023 16:22:47 [info]  Security and Cross Origin settings applied to whitelisted hosts (server)
17/11/2023 16:22:47 [info]  Scheduler initialized (scheduler)
17/11/2023 16:22:47 [info]  Server listening on port 5000 (server)
17/11/2023 16:23:45 [warn]  Received SIGINT (app)
17/11/2023 16:24:32 [info]  Starting Tecnorest API Gateway in development mode. NODE_ENV: development (app)
17/11/2023 16:24:32 [info]  Cookie session and Passport Authentication initialized (server)
17/11/2023 16:24:32 [info]  Security and Cross Origin settings applied to whitelisted hosts (server)
17/11/2023 16:24:32 [info]  Scheduler initialized (scheduler)
17/11/2023 16:24:32 [info]  Server listening on port 5000 (server)
17/11/2023 16:24:53 [info]  Starting Tecnorest API Gateway in development mode. NODE_ENV: development (app)
17/11/2023 16:24:53 [info]  Cookie session and Passport Authentication initialized (server)
17/11/2023 16:24:53 [info]  Security and Cross Origin settings applied to whitelisted hosts (server)
17/11/2023 16:24:53 [info]  Scheduler initialized (scheduler)
17/11/2023 16:24:53 [info]  Server listening on port 5000 (server)
17/11/2023 16:26:06 [info]  Starting Tecnorest API Gateway in development mode. NODE_ENV: development (app)
17/11/2023 16:26:06 [info]  Cookie session and Passport Authentication initialized (server)
17/11/2023 16:26:06 [info]  Security and Cross Origin settings applied to whitelisted hosts (server)
17/11/2023 16:26:06 [info]  Scheduler initialized (scheduler)
17/11/2023 16:26:06 [info]  Server listening on port 5000 (server)
17/11/2023 16:26:55 [info]  Starting Tecnorest API Gateway in development mode. NODE_ENV: development (app)
17/11/2023 16:26:55 [info]  Cookie session and Passport Authentication initialized (server)
17/11/2023 16:26:55 [info]  Security and Cross Origin settings applied to whitelisted hosts (server)
17/11/2023 16:26:55 [info]  Scheduler initialized (scheduler)
17/11/2023 16:26:55 [info]  Server listening on port 5000 (server)
17/11/2023 16:27:01 [info]  Starting Tecnorest API Gateway in development mode. NODE_ENV: development (app)
17/11/2023 16:27:01 [info]  Cookie session and Passport Authentication initialized (server)
17/11/2023 16:27:01 [info]  Security and Cross Origin settings applied to whitelisted hosts (server)
17/11/2023 16:27:01 [info]  Scheduler initialized (scheduler)
17/11/2023 16:27:01 [info]  Server listening on port 5000 (server)
17/11/2023 16:27:07 [warn]  Received SIGINT (app)
17/11/2023 16:29:26 [error] uncaughtException: Cannot find module 'axios'
Require stack:
- /Users/it050382/Node/tecnorest/jobs/jira/agent.js
- /Users/it050382/Node/tecnorest/services/scheduler.js
- /Users/it050382/Node/tecnorest/app.js
Error: Cannot find module 'axios'
Require stack:
- /Users/it050382/Node/tecnorest/jobs/jira/agent.js
- /Users/it050382/Node/tecnorest/services/scheduler.js
- /Users/it050382/Node/tecnorest/app.js
    at Module._resolveFilename (node:internal/modules/cjs/loader:1077:15)
    at Module._load (node:internal/modules/cjs/loader:922:27)
    at Module.require (node:internal/modules/cjs/loader:1143:19)
    at require (node:internal/modules/cjs/helpers:110:18)
    at Object.<anonymous> (/Users/it050382/Node/tecnorest/jobs/jira/agent.js:4:15)
    at Module._compile (node:internal/modules/cjs/loader:1256:14)
    at Module._extensions..js (node:internal/modules/cjs/loader:1310:10)
    at Module.load (node:internal/modules/cjs/loader:1119:32)
    at Module._load (node:internal/modules/cjs/loader:960:12)
    at Module.require (node:internal/modules/cjs/loader:1143:19)
17/11/2023 16:36:12 [info]  Starting Tecnorest API Gateway in development mode. NODE_ENV: development (app)
17/11/2023 16:36:12 [info]  Cookie session and Passport Authentication initialized (server)
17/11/2023 16:36:12 [info]  Security and Cross Origin settings applied to whitelisted hosts (server)
17/11/2023 16:36:12 [info]  Scheduler initialized (scheduler)
17/11/2023 16:36:12 [info]  Server listening on port 5000 (server)
17/11/2023 16:36:26 [http]  GET [200] / ::1 - - "-" "Chrome 119.0.0.0 Blink/Mac OS 10.15.7 (Unknow)" 10.121 ms
17/11/2023 16:36:26 [http]  GET [404] /favicon.ico ::1 150 - "http://localhost:5000/" "Chrome 119.0.0.0 Blink/Mac OS 10.15.7 (Unknow)" 15.824 ms
17/11/2023 16:40:33 [info]  Starting Tecnorest API Gateway in development mode. NODE_ENV: development (app)
17/11/2023 16:40:33 [info]  Cookie session and Passport Authentication initialized (server)
17/11/2023 16:40:33 [info]  Security and Cross Origin settings applied to whitelisted hosts (server)
17/11/2023 16:40:33 [info]  Scheduler initialized (scheduler)
17/11/2023 16:40:33 [info]  Server listening on port 5000 (server)
17/11/2023 16:42:06 [info]  Starting Tecnorest API Gateway in development mode. NODE_ENV: development (app)
17/11/2023 16:42:06 [info]  Cookie session and Passport Authentication initialized (server)
17/11/2023 16:42:06 [info]  Security and Cross Origin settings applied to whitelisted hosts (server)
17/11/2023 16:42:06 [info]  Scheduler initialized (scheduler)
17/11/2023 16:42:06 [info]  Server listening on port 5000 (server)
17/11/2023 16:42:25 [info]  Starting Tecnorest API Gateway in development mode. NODE_ENV: development (app)
17/11/2023 16:42:25 [info]  Cookie session and Passport Authentication initialized (server)
17/11/2023 16:42:25 [info]  Security and Cross Origin settings applied to whitelisted hosts (server)
17/11/2023 16:42:25 [info]  Scheduler initialized (scheduler)
17/11/2023 16:42:25 [info]  Server listening on port 5000 (server)
17/11/2023 16:42:28 [warn]  Received SIGINT (app)
17/11/2023 16:42:52 [info]  Starting Tecnorest API Gateway in development mode. NODE_ENV: development (app)
17/11/2023 16:42:52 [info]  Cookie session and Passport Authentication initialized (server)
17/11/2023 16:42:52 [info]  Security and Cross Origin settings applied to whitelisted hosts (server)
17/11/2023 16:42:52 [info]  Scheduler initialized (scheduler)
17/11/2023 16:42:52 [info]  Server listening on port 5000 (server)
17/11/2023 16:45:34 [warn]  Received SIGINT (app)
